<?xml version="1.0" encoding="UTF-8"?>
<testng-results ignored="0" total="1" passed="1" failed="0" skipped="0">
  <reporter-output>
  </reporter-output>
  <suite started-at="2023-12-15T09:51:42 IST" name="test1" finished-at="2023-12-15T09:52:13 IST" duration-ms="30552">
    <groups>
      <group name="cucumber">
        <method signature="AbstractTestNGCucumberTests.runScenario(io.cucumber.testng.PickleWrapper,io.cucumber.testng.FeatureWrapper)[pri:0, instance:runner.DemoWebShopRunner@514646ef]" name="runScenario" class="io.cucumber.testng.AbstractTestNGCucumberTests"/>
      </group> <!-- cucumber -->
    </groups>
    <test started-at="2023-12-15T09:51:42 IST" name="testdemowebshop001" finished-at="2023-12-15T09:52:13 IST" duration-ms="30552">
      <class name="runner.DemoWebShopRunner">
        <test-method is-config="true" signature="setUpClass(org.testng.ITestContext)[pri:0, instance:runner.DemoWebShopRunner@514646ef]" started-at="2023-12-15T09:51:43 IST" name="setUpClass" finished-at="2023-12-15T09:51:45 IST" duration-ms="1326" status="PASS">
          <params>
            <param index="0">
              <value>
                <![CDATA[org.testng.TestRunner@54defd69]]>
              </value>
            </param>
          </params>
          <reporter-output>
          </reporter-output>
        </test-method> <!-- setUpClass -->
        <test-method signature="runScenario(io.cucumber.testng.PickleWrapper,io.cucumber.testng.FeatureWrapper)[pri:0, instance:runner.DemoWebShopRunner@514646ef]" started-at="2023-12-15T09:51:45 IST" name="runScenario" description="Runs Cucumber Scenarios" data-provider="scenarios" finished-at="2023-12-15T09:52:13 IST" duration-ms="28002" status="PASS">
          <params>
            <param index="0">
              <value>
                <![CDATA["Validate the Add to cart"]]>
              </value>
            </param>
            <param index="1">
              <value>
                <![CDATA["Validate the Add to cart"]]>
              </value>
            </param>
          </params>
          <reporter-output>
          </reporter-output>
        </test-method> <!-- runScenario -->
        <test-method is-config="true" signature="tearDownClass()[pri:0, instance:runner.DemoWebShopRunner@514646ef]" started-at="2023-12-15T09:52:13 IST" name="tearDownClass" finished-at="2023-12-15T09:52:13 IST" duration-ms="132" status="PASS">
          <reporter-output>
          </reporter-output>
        </test-method> <!-- tearDownClass -->
      </class> <!-- runner.DemoWebShopRunner -->
    </test> <!-- testdemowebshop001 -->
  </suite> <!-- test1 -->
</testng-results>
